<?xml version="1.0" encoding="UTF-8"?>
<testng-results ignored="0" total="119" passed="119" failed="0" skipped="0">
  <reporter-output>
  </reporter-output>
  <suite started-at="2026-04-06T15:10:48 IST" name="Default suite" finished-at="2026-04-06T15:14:15 IST" duration-ms="207274">
    <groups>
    </groups>
    <test started-at="2026-04-06T15:10:48 IST" name="Default test" finished-at="2026-04-06T15:14:15 IST" duration-ms="207274">
      <class name="com.ipl.test.UpdatePlayerPoints">
        <test-method is-config="true" signature="setup()[pri:0, instance:com.ipl.test.UpdatePlayerPoints@6e2829c7]" started-at="2026-04-06T15:10:48 IST" name="setup" finished-at="2026-04-06T15:10:50 IST" duration-ms="2234" status="PASS">
          <reporter-output>
          </reporter-output>
        </test-method> <!-- setup -->
        <test-method is-config="true" signature="setupStatsPage()[pri:0, instance:com.ipl.test.UpdatePlayerPoints@6e2829c7]" started-at="2026-04-06T15:10:50 IST" name="setupStatsPage" finished-at="2026-04-06T15:10:57 IST" depends-on-methods="com.ipl.base.TestBase.setup" duration-ms="7502" status="PASS">
          <reporter-output>
          </reporter-output>
        </test-method> <!-- setupStatsPage -->
        <test-method signature="capturePoints(java.lang.String,java.lang.String,java.lang.String,java.lang.String,java.lang.String)[pri:0, instance:com.ipl.test.UpdatePlayerPoints@6e2829c7]" started-at="2026-04-06T15:10:57 IST" name="capturePoints" data-provider="IPLPlayerData" finished-at="2026-04-06T15:10:59 IST" duration-ms="1680" status="PASS">
          <params>
            <param index="0">
              <value>
                <![CDATA[Shubman Gill]]>
              </value>
            </param>
            <param index="1">
              <value>
                <![CDATA[GT]]>
              </value>
            </param>
            <param index="2">
              <value>
                <![CDATA[NIMO Legends]]>
              </value>
            </param>
            <param index="3">
              <value>
                <![CDATA[C]]>
              </value>
            </param>
            <param index="4">
              <value>
                <![CDATA[]]>
              </value>
            </param>
          </params>
          <reporter-output>
          </reporter-output>
        </test-method> <!-- capturePoints -->
        <test-method signature="capturePoints(java.lang.String,java.lang.String,java.lang.String,java.lang.String,java.lang.String)[pri:0, instance:com.ipl.test.UpdatePlayerPoints@6e2829c7]" started-at="2026-04-06T15:10:59 IST" name="capturePoints" data-provider="IPLPlayerData" finished-at="2026-04-06T15:11:01 IST" duration-ms="1628" status="PASS">
          <params>
            <param index="0">
              <value>
                <![CDATA[Jason Holder]]>
              </value>
            </param>
            <param index="1">
              <value>
                <![CDATA[0]]>
              </value>
            </param>
            <param index="2">
              <value>
                <![CDATA[NIMO Legends]]>
              </value>
            </param>
            <param index="3">
              <value>
                <![CDATA[]]>
              </value>
            </param>
            <param index="4">
              <value>
                <![CDATA[]]>
              </value>
            </param>
          </params>
          <reporter-output>
          </reporter-output>
        </test-method> <!-- capturePoints -->
        <test-method signature="capturePoints(java.lang.String,java.lang.String,java.lang.String,java.lang.String,java.lang.String)[pri:0, instance:com.ipl.test.UpdatePlayerPoints@6e2829c7]" started-at="2026-04-06T15:11:01 IST" name="capturePoints" data-provider="IPLPlayerData" finished-at="2026-04-06T15:11:02 IST" duration-ms="1640" status="PASS">
          <params>
            <param index="0">
              <value>
                <![CDATA[Yashasvi Jaiswal]]>
              </value>
            </param>
            <param index="1">
              <value>
                <![CDATA[59]]>
              </value>
            </param>
            <param index="2">
              <value>
                <![CDATA[NIMO Legends]]>
              </value>
            </param>
            <param index="3">
              <value>
                <![CDATA[VC]]>
              </value>
            </param>
            <param index="4">
              <value>
                <![CDATA[]]>
              </value>
            </param>
          </params>
          <reporter-output>
          </reporter-output>
        </test-method> <!-- capturePoints -->
        <test-method signature="capturePoints(java.lang.String,java.lang.String,java.lang.String,java.lang.String,java.lang.String)[pri:0, instance:com.ipl.test.UpdatePlayerPoints@6e2829c7]" started-at="2026-04-06T15:11:02 IST" name="capturePoints" data-provider="IPLPlayerData" finished-at="2026-04-06T15:11:04 IST" duration-ms="1668" status="PASS">
          <params>
            <param index="0">
              <value>
                <![CDATA[Shimron Hetmyer]]>
              </value>
            </param>
            <param index="1">
              <value>
                <![CDATA[10]]>
              </value>
            </param>
            <param index="2">
              <value>
                <![CDATA[NIMO Legends]]>
              </value>
            </param>
            <param index="3">
              <value>
                <![CDATA[]]>
              </value>
            </param>
            <param index="4">
              <value>
                <![CDATA[]]>
              </value>
            </param>
          </params>
          <reporter-output>
          </reporter-output>
        </test-method> <!-- capturePoints -->
        <test-method signature="capturePoints(java.lang.String,java.lang.String,java.lang.String,java.lang.String,java.lang.String)[pri:0, instance:com.ipl.test.UpdatePlayerPoints@6e2829c7]" started-at="2026-04-06T15:11:04 IST" name="capturePoints" data-provider="IPLPlayerData" finished-at="2026-04-06T15:11:06 IST" duration-ms="1667" status="PASS">
          <params>
            <param index="0">
              <value>
                <![CDATA[Suryakumar Yadav]]>
              </value>
            </param>
            <param index="1">
              <value>
                <![CDATA[23]]>
              </value>
            </param>
            <param index="2">
              <value>
                <![CDATA[NIMO Legends]]>
              </value>
            </param>
            <param index="3">
              <value>
                <![CDATA[]]>
              </value>
            </param>
            <param index="4">
              <value>
                <![CDATA[]]>
              </value>
            </param>
          </params>
          <reporter-output>
          </reporter-output>
        </test-method> <!-- capturePoints -->
        <test-method signature="capturePoints(java.lang.String,java.lang.String,java.lang.String,java.lang.String,java.lang.String)[pri:0, instance:com.ipl.test.UpdatePlayerPoints@6e2829c7]" started-at="2026-04-06T15:11:06 IST" name="capturePoints" data-provider="IPLPlayerData" finished-at="2026-04-06T15:11:07 IST" duration-ms="1668" status="PASS">
          <params>
            <param index="0">
              <value>
                <![CDATA[Naman Dhir]]>
              </value>
            </param>
            <param index="1">
              <value>
                <![CDATA[10]]>
              </value>
            </param>
            <param index="2">
              <value>
                <![CDATA[NIMO Legends]]>
              </value>
            </param>
            <param index="3">
              <value>
                <![CDATA[]]>
              </value>
            </param>
            <param index="4">
              <value>
                <![CDATA[]]>
              </value>
            </param>
          </params>
          <reporter-output>
          </reporter-output>
        </test-method> <!-- capturePoints -->
        <test-method signature="capturePoints(java.lang.String,java.lang.String,java.lang.String,java.lang.String,java.lang.String)[pri:0, instance:com.ipl.test.UpdatePlayerPoints@6e2829c7]" started-at="2026-04-06T15:11:07 IST" name="capturePoints" data-provider="IPLPlayerData" finished-at="2026-04-06T15:11:09 IST" duration-ms="1673" status="PASS">
          <params>
            <param index="0">
              <value>
                <![CDATA[Aiden Markram]]>
              </value>
            </param>
            <param index="1">
              <value>
                <![CDATA[18]]>
              </value>
            </param>
            <param index="2">
              <value>
                <![CDATA[NIMO Legends]]>
              </value>
            </param>
            <param index="3">
              <value>
                <![CDATA[]]>
              </value>
            </param>
            <param index="4">
              <value>
                <![CDATA[]]>
              </value>
            </param>
          </params>
          <reporter-output>
          </reporter-output>
        </test-method> <!-- capturePoints -->
        <test-method signature="capturePoints(java.lang.String,java.lang.String,java.lang.String,java.lang.String,java.lang.String)[pri:0, instance:com.ipl.test.UpdatePlayerPoints@6e2829c7]" started-at="2026-04-06T15:11:09 IST" name="capturePoints" data-provider="IPLPlayerData" finished-at="2026-04-06T15:11:11 IST" duration-ms="1626" status="PASS">
          <params>
            <param index="0">
              <value>
                <![CDATA[Avesh Khan]]>
              </value>
            </param>
            <param index="1">
              <value>
                <![CDATA[0]]>
              </value>
            </param>
            <param index="2">
              <value>
                <![CDATA[NIMO Legends]]>
              </value>
            </param>
            <param index="3">
              <value>
                <![CDATA[]]>
              </value>
            </param>
            <param index="4">
              <value>
                <![CDATA[]]>
              </value>
            </param>
          </params>
          <reporter-output>
          </reporter-output>
        </test-method> <!-- capturePoints -->
        <test-method signature="capturePoints(java.lang.String,java.lang.String,java.lang.String,java.lang.String,java.lang.String)[pri:0, instance:com.ipl.test.UpdatePlayerPoints@6e2829c7]" started-at="2026-04-06T15:11:11 IST" name="capturePoints" data-provider="IPLPlayerData" finished-at="2026-04-06T15:11:12 IST" duration-ms="1635" status="PASS">
          <params>
            <param index="0">
              <value>
                <![CDATA[Rajat Patidar]]>
              </value>
            </param>
            <param index="1">
              <value>
                <![CDATA[53]]>
              </value>
            </param>
            <param index="2">
              <value>
                <![CDATA[NIMO Legends]]>
              </value>
            </param>
            <param index="3">
              <value>
                <![CDATA[]]>
              </value>
            </param>
            <param index="4">
              <value>
                <![CDATA[]]>
              </value>
            </param>
          </params>
          <reporter-output>
          </reporter-output>
        </test-method> <!-- capturePoints -->
        <test-method signature="capturePoints(java.lang.String,java.lang.String,java.lang.String,java.lang.String,java.lang.String)[pri:0, instance:com.ipl.test.UpdatePlayerPoints@6e2829c7]" started-at="2026-04-06T15:11:12 IST" name="capturePoints" data-provider="IPLPlayerData" finished-at="2026-04-06T15:11:14 IST" duration-ms="1657" status="PASS">
          <params>
            <param index="0">
              <value>
                <![CDATA[Krunal Pandya]]>
              </value>
            </param>
            <param index="1">
              <value>
                <![CDATA[2]]>
              </value>
            </param>
            <param index="2">
              <value>
                <![CDATA[NIMO Legends]]>
              </value>
            </param>
            <param index="3">
              <value>
                <![CDATA[]]>
              </value>
            </param>
            <param index="4">
              <value>
                <![CDATA[]]>
              </value>
            </param>
          </params>
          <reporter-output>
          </reporter-output>
        </test-method> <!-- capturePoints -->
        <test-method signature="capturePoints(java.lang.String,java.lang.String,java.lang.String,java.lang.String,java.lang.String)[pri:0, instance:com.ipl.test.UpdatePlayerPoints@6e2829c7]" started-at="2026-04-06T15:11:14 IST" name="capturePoints" data-provider="IPLPlayerData" finished-at="2026-04-06T15:11:16 IST" duration-ms="1623" status="PASS">
          <params>
            <param index="0">
              <value>
                <![CDATA[Jacob Bethell]]>
              </value>
            </param>
            <param index="1">
              <value>
                <![CDATA[0]]>
              </value>
            </param>
            <param index="2">
              <value>
                <![CDATA[NIMO Legends]]>
              </value>
            </param>
            <param index="3">
              <value>
                <![CDATA[]]>
              </value>
            </param>
            <param index="4">
              <value>
                <![CDATA[]]>
              </value>
            </param>
          </params>
          <reporter-output>
          </reporter-output>
        </test-method> <!-- capturePoints -->
        <test-method signature="capturePoints(java.lang.String,java.lang.String,java.lang.String,java.lang.String,java.lang.String)[pri:0, instance:com.ipl.test.UpdatePlayerPoints@6e2829c7]" started-at="2026-04-06T15:11:16 IST" name="capturePoints" data-provider="IPLPlayerData" finished-at="2026-04-06T15:11:17 IST" duration-ms="1605" status="PASS">
          <params>
            <param index="0">
              <value>
                <![CDATA[Vipraj Nigam]]>
              </value>
            </param>
            <param index="1">
              <value>
                <![CDATA[4]]>
              </value>
            </param>
            <param index="2">
              <value>
                <![CDATA[NIMO Legends]]>
              </value>
            </param>
            <param index="3">
              <value>
                <![CDATA[]]>
              </value>
            </param>
            <param index="4">
              <value>
                <![CDATA[]]>
              </value>
            </param>
          </params>
          <reporter-output>
          </reporter-output>
        </test-method> <!-- capturePoints -->
        <test-method signature="capturePoints(java.lang.String,java.lang.String,java.lang.String,java.lang.String,java.lang.String)[pri:0, instance:com.ipl.test.UpdatePlayerPoints@6e2829c7]" started-at="2026-04-06T15:11:17 IST" name="capturePoints" data-provider="IPLPlayerData" finished-at="2026-04-06T15:11:19 IST" duration-ms="1651" status="PASS">
          <params>
            <param index="0">
              <value>
                <![CDATA[Prithvi Shaw]]>
              </value>
            </param>
            <param index="1">
              <value>
                <![CDATA[0]]>
              </value>
            </param>
            <param index="2">
              <value>
                <![CDATA[NIMO Legends]]>
              </value>
            </param>
            <param index="3">
              <value>
                <![CDATA[]]>
              </value>
            </param>
            <param index="4">
              <value>
                <![CDATA[]]>
              </value>
            </param>
          </params>
          <reporter-output>
          </reporter-output>
        </test-method> <!-- capturePoints -->
        <test-method signature="capturePoints(java.lang.String,java.lang.String,java.lang.String,java.lang.String,java.lang.String)[pri:0, instance:com.ipl.test.UpdatePlayerPoints@6e2829c7]" started-at="2026-04-06T15:11:19 IST" name="capturePoints" data-provider="IPLPlayerData" finished-at="2026-04-06T15:11:21 IST" duration-ms="1658" status="PASS">
          <params>
            <param index="0">
              <value>
                <![CDATA[Vaibhav Arora]]>
              </value>
            </param>
            <param index="1">
              <value>
                <![CDATA[27]]>
              </value>
            </param>
            <param index="2">
              <value>
                <![CDATA[NIMO Legends]]>
              </value>
            </param>
            <param index="3">
              <value>
                <![CDATA[]]>
              </value>
            </param>
            <param index="4">
              <value>
                <![CDATA[]]>
              </value>
            </param>
          </params>
          <reporter-output>
          </reporter-output>
        </test-method> <!-- capturePoints -->
        <test-method signature="capturePoints(java.lang.String,java.lang.String,java.lang.String,java.lang.String,java.lang.String)[pri:0, instance:com.ipl.test.UpdatePlayerPoints@6e2829c7]" started-at="2026-04-06T15:11:21 IST" name="capturePoints" data-provider="IPLPlayerData" finished-at="2026-04-06T15:11:22 IST" duration-ms="1673" status="PASS">
          <params>
            <param index="0">
              <value>
                <![CDATA[Cameron Green]]>
              </value>
            </param>
            <param index="1">
              <value>
                <![CDATA[35]]>
              </value>
            </param>
            <param index="2">
              <value>
                <![CDATA[NIMO Legends]]>
              </value>
            </param>
            <param index="3">
              <value>
                <![CDATA[]]>
              </value>
            </param>
            <param index="4">
              <value>
                <![CDATA[]]>
              </value>
            </param>
          </params>
          <reporter-output>
          </reporter-output>
        </test-method> <!-- capturePoints -->
        <test-method signature="capturePoints(java.lang.String,java.lang.String,java.lang.String,java.lang.String,java.lang.String)[pri:0, instance:com.ipl.test.UpdatePlayerPoints@6e2829c7]" started-at="2026-04-06T15:11:22 IST" name="capturePoints" data-provider="IPLPlayerData" finished-at="2026-04-06T15:11:24 IST" duration-ms="1603" status="PASS">
          <params>
            <param index="0">
              <value>
                <![CDATA[Varun Chakaravarthy]]>
              </value>
            </param>
            <param index="1">
              <value>
                <![CDATA[2]]>
              </value>
            </param>
            <param index="2">
              <value>
                <![CDATA[NIMO Legends]]>
              </value>
            </param>
            <param index="3">
              <value>
                <![CDATA[]]>
              </value>
            </param>
            <param index="4">
              <value>
                <![CDATA[]]>
              </value>
            </param>
          </params>
          <reporter-output>
          </reporter-output>
        </test-method> <!-- capturePoints -->
        <test-method signature="capturePoints(java.lang.String,java.lang.String,java.lang.String,java.lang.String,java.lang.String)[pri:0, instance:com.ipl.test.UpdatePlayerPoints@6e2829c7]" started-at="2026-04-06T15:11:24 IST" name="capturePoints" data-provider="IPLPlayerData" finished-at="2026-04-06T15:11:25 IST" duration-ms="1627" status="PASS">
          <params>
            <param index="0">
              <value>
                <![CDATA[Nitish Kumar Reddy]]>
              </value>
            </param>
            <param index="1">
              <value>
                <![CDATA[9]]>
              </value>
            </param>
            <param index="2">
              <value>
                <![CDATA[NIMO Legends]]>
              </value>
            </param>
            <param index="3">
              <value>
                <![CDATA[]]>
              </value>
            </param>
            <param index="4">
              <value>
                <![CDATA[]]>
              </value>
            </param>
          </params>
          <reporter-output>
          </reporter-output>
        </test-method> <!-- capturePoints -->
        <test-method signature="capturePoints(java.lang.String,java.lang.String,java.lang.String,java.lang.String,java.lang.String)[pri:0, instance:com.ipl.test.UpdatePlayerPoints@6e2829c7]" started-at="2026-04-06T15:11:25 IST" name="capturePoints" data-provider="IPLPlayerData" finished-at="2026-04-06T15:11:27 IST" duration-ms="1649" status="PASS">
          <params>
            <param index="0">
              <value>
                <![CDATA[Liam Livingstone]]>
              </value>
            </param>
            <param index="1">
              <value>
                <![CDATA[0]]>
              </value>
            </param>
            <param index="2">
              <value>
                <![CDATA[NIMO Legends]]>
              </value>
            </param>
            <param index="3">
              <value>
                <![CDATA[]]>
              </value>
            </param>
            <param index="4">
              <value>
                <![CDATA[]]>
              </value>
            </param>
          </params>
          <reporter-output>
          </reporter-output>
        </test-method> <!-- capturePoints -->
        <test-method signature="capturePoints(java.lang.String,java.lang.String,java.lang.String,java.lang.String,java.lang.String)[pri:0, instance:com.ipl.test.UpdatePlayerPoints@6e2829c7]" started-at="2026-04-06T15:11:27 IST" name="capturePoints" data-provider="IPLPlayerData" finished-at="2026-04-06T15:11:29 IST" duration-ms="1670" status="PASS">
          <params>
            <param index="0">
              <value>
                <![CDATA[Kartik Sharma]]>
              </value>
            </param>
            <param index="1">
              <value>
                <![CDATA[24]]>
              </value>
            </param>
            <param index="2">
              <value>
                <![CDATA[NIMO Legends]]>
              </value>
            </param>
            <param index="3">
              <value>
                <![CDATA[]]>
              </value>
            </param>
            <param index="4">
              <value>
                <![CDATA[]]>
              </value>
            </param>
          </params>
          <reporter-output>
          </reporter-output>
        </test-method> <!-- capturePoints -->
        <test-method signature="capturePoints(java.lang.String,java.lang.String,java.lang.String,java.lang.String,java.lang.String)[pri:0, instance:com.ipl.test.UpdatePlayerPoints@6e2829c7]" started-at="2026-04-06T15:11:29 IST" name="capturePoints" data-provider="IPLPlayerData" finished-at="2026-04-06T15:11:30 IST" duration-ms="1619" status="PASS">
          <params>
            <param index="0">
              <value>
                <![CDATA[Shashank Singh]]>
              </value>
            </param>
            <param index="1">
              <value>
                <![CDATA[8]]>
              </value>
            </param>
            <param index="2">
              <value>
                <![CDATA[NIMO Legends]]>
              </value>
            </param>
            <param index="3">
              <value>
                <![CDATA[]]>
              </value>
            </param>
            <param index="4">
              <value>
                <![CDATA[]]>
              </value>
            </param>
          </params>
          <reporter-output>
          </reporter-output>
        </test-method> <!-- capturePoints -->
        <test-method signature="capturePoints(java.lang.String,java.lang.String,java.lang.String,java.lang.String,java.lang.String)[pri:0, instance:com.ipl.test.UpdatePlayerPoints@6e2829c7]" started-at="2026-04-06T15:11:30 IST" name="capturePoints" data-provider="IPLPlayerData" finished-at="2026-04-06T15:11:32 IST" duration-ms="1668" status="PASS">
          <params>
            <param index="0">
              <value>
                <![CDATA[Kagiso Rabada]]>
              </value>
            </param>
            <param index="1">
              <value>
                <![CDATA[25]]>
              </value>
            </param>
            <param index="2">
              <value>
                <![CDATA[Poovin]]>
              </value>
            </param>
            <param index="3">
              <value>
                <![CDATA[]]>
              </value>
            </param>
            <param index="4">
              <value>
                <![CDATA[]]>
              </value>
            </param>
          </params>
          <reporter-output>
          </reporter-output>
        </test-method> <!-- capturePoints -->
        <test-method signature="capturePoints(java.lang.String,java.lang.String,java.lang.String,java.lang.String,java.lang.String)[pri:0, instance:com.ipl.test.UpdatePlayerPoints@6e2829c7]" started-at="2026-04-06T15:11:32 IST" name="capturePoints" data-provider="IPLPlayerData" finished-at="2026-04-06T15:11:34 IST" duration-ms="1617" status="PASS">
          <params>
            <param index="0">
              <value>
                <![CDATA[Vaibhav Sooryavanshi]]>
              </value>
            </param>
            <param index="1">
              <value>
                <![CDATA[84]]>
              </value>
            </param>
            <param index="2">
              <value>
                <![CDATA[Poovin]]>
              </value>
            </param>
            <param index="3">
              <value>
                <![CDATA[VC]]>
              </value>
            </param>
            <param index="4">
              <value>
                <![CDATA[]]>
              </value>
            </param>
          </params>
          <reporter-output>
          </reporter-output>
        </test-method> <!-- capturePoints -->
        <test-method signature="capturePoints(java.lang.String,java.lang.String,java.lang.String,java.lang.String,java.lang.String)[pri:0, instance:com.ipl.test.UpdatePlayerPoints@6e2829c7]" started-at="2026-04-06T15:11:34 IST" name="capturePoints" data-provider="IPLPlayerData" finished-at="2026-04-06T15:11:35 IST" duration-ms="1641" status="PASS">
          <params>
            <param index="0">
              <value>
                <![CDATA[Jofra Archer]]>
              </value>
            </param>
            <param index="1">
              <value>
                <![CDATA[68]]>
              </value>
            </param>
            <param index="2">
              <value>
                <![CDATA[Poovin]]>
              </value>
            </param>
            <param index="3">
              <value>
                <![CDATA[]]>
              </value>
            </param>
            <param index="4">
              <value>
                <![CDATA[]]>
              </value>
            </param>
          </params>
          <reporter-output>
          </reporter-output>
        </test-method> <!-- capturePoints -->
        <test-method signature="capturePoints(java.lang.String,java.lang.String,java.lang.String,java.lang.String,java.lang.String)[pri:0, instance:com.ipl.test.UpdatePlayerPoints@6e2829c7]" started-at="2026-04-06T15:11:35 IST" name="capturePoints" data-provider="IPLPlayerData" finished-at="2026-04-06T15:11:37 IST" duration-ms="1689" status="PASS">
          <params>
            <param index="0">
              <value>
                <![CDATA[Rohit Sharma]]>
              </value>
            </param>
            <param index="1">
              <value>
                <![CDATA[114]]>
              </value>
            </param>
            <param index="2">
              <value>
                <![CDATA[Poovin]]>
              </value>
            </param>
            <param index="3">
              <value>
                <![CDATA[]]>
              </value>
            </param>
            <param index="4">
              <value>
                <![CDATA[]]>
              </value>
            </param>
          </params>
          <reporter-output>
          </reporter-output>
        </test-method> <!-- capturePoints -->
        <test-method signature="capturePoints(java.lang.String,java.lang.String,java.lang.String,java.lang.String,java.lang.String)[pri:0, instance:com.ipl.test.UpdatePlayerPoints@6e2829c7]" started-at="2026-04-06T15:11:37 IST" name="capturePoints" data-provider="IPLPlayerData" finished-at="2026-04-06T15:11:39 IST" duration-ms="1673" status="PASS">
          <params>
            <param index="0">
              <value>
                <![CDATA[Sherfane Rutherford]]>
              </value>
            </param>
            <param index="1">
              <value>
                <![CDATA[12]]>
              </value>
            </param>
            <param index="2">
              <value>
                <![CDATA[Poovin]]>
              </value>
            </param>
            <param index="3">
              <value>
                <![CDATA[]]>
              </value>
            </param>
            <param index="4">
              <value>
                <![CDATA[]]>
              </value>
            </param>
          </params>
          <reporter-output>
          </reporter-output>
        </test-method> <!-- capturePoints -->
        <test-method signature="capturePoints(java.lang.String,java.lang.String,java.lang.String,java.lang.String,java.lang.String)[pri:0, instance:com.ipl.test.UpdatePlayerPoints@6e2829c7]" started-at="2026-04-06T15:11:39 IST" name="capturePoints" data-provider="IPLPlayerData" finished-at="2026-04-06T15:11:40 IST" duration-ms="1639" status="PASS">
          <params>
            <param index="0">
              <value>
                <![CDATA[Will Jacks]]>
              </value>
            </param>
            <param index="1">
              <value>
                <![CDATA[0]]>
              </value>
            </param>
            <param index="2">
              <value>
                <![CDATA[Poovin]]>
              </value>
            </param>
            <param index="3">
              <value>
                <![CDATA[]]>
              </value>
            </param>
            <param index="4">
              <value>
                <![CDATA[]]>
              </value>
            </param>
          </params>
          <reporter-output>
          </reporter-output>
        </test-method> <!-- capturePoints -->
        <test-method signature="capturePoints(java.lang.String,java.lang.String,java.lang.String,java.lang.String,java.lang.String)[pri:0, instance:com.ipl.test.UpdatePlayerPoints@6e2829c7]" started-at="2026-04-06T15:11:40 IST" name="capturePoints" data-provider="IPLPlayerData" finished-at="2026-04-06T15:11:42 IST" duration-ms="1606" status="PASS">
          <params>
            <param index="0">
              <value>
                <![CDATA[Ayush Badoni]]>
              </value>
            </param>
            <param index="1">
              <value>
                <![CDATA[2]]>
              </value>
            </param>
            <param index="2">
              <value>
                <![CDATA[Poovin]]>
              </value>
            </param>
            <param index="3">
              <value>
                <![CDATA[]]>
              </value>
            </param>
            <param index="4">
              <value>
                <![CDATA[]]>
              </value>
            </param>
          </params>
          <reporter-output>
          </reporter-output>
        </test-method> <!-- capturePoints -->
        <test-method signature="capturePoints(java.lang.String,java.lang.String,java.lang.String,java.lang.String,java.lang.String)[pri:0, instance:com.ipl.test.UpdatePlayerPoints@6e2829c7]" started-at="2026-04-06T15:11:42 IST" name="capturePoints" data-provider="IPLPlayerData" finished-at="2026-04-06T15:11:44 IST" duration-ms="1630" status="PASS">
          <params>
            <param index="0">
              <value>
                <![CDATA[Mohammad Shami]]>
              </value>
            </param>
            <param index="1">
              <value>
                <![CDATA[30]]>
              </value>
            </param>
            <param index="2">
              <value>
                <![CDATA[Poovin]]>
              </value>
            </param>
            <param index="3">
              <value>
                <![CDATA[]]>
              </value>
            </param>
            <param index="4">
              <value>
                <![CDATA[]]>
              </value>
            </param>
          </params>
          <reporter-output>
          </reporter-output>
        </test-method> <!-- capturePoints -->
        <test-method signature="capturePoints(java.lang.String,java.lang.String,java.lang.String,java.lang.String,java.lang.String)[pri:0, instance:com.ipl.test.UpdatePlayerPoints@6e2829c7]" started-at="2026-04-06T15:11:44 IST" name="capturePoints" data-provider="IPLPlayerData" finished-at="2026-04-06T15:11:45 IST" duration-ms="1652" status="PASS">
          <params>
            <param index="0">
              <value>
                <![CDATA[Josh Inglis]]>
              </value>
            </param>
            <param index="1">
              <value>
                <![CDATA[0]]>
              </value>
            </param>
            <param index="2">
              <value>
                <![CDATA[Poovin]]>
              </value>
            </param>
            <param index="3">
              <value>
                <![CDATA[]]>
              </value>
            </param>
            <param index="4">
              <value>
                <![CDATA[]]>
              </value>
            </param>
          </params>
          <reporter-output>
          </reporter-output>
        </test-method> <!-- capturePoints -->
        <test-method signature="capturePoints(java.lang.String,java.lang.String,java.lang.String,java.lang.String,java.lang.String)[pri:0, instance:com.ipl.test.UpdatePlayerPoints@6e2829c7]" started-at="2026-04-06T15:11:45 IST" name="capturePoints" data-provider="IPLPlayerData" finished-at="2026-04-06T15:11:47 IST" duration-ms="1622" status="PASS">
          <params>
            <param index="0">
              <value>
                <![CDATA[Jitesh Sharma]]>
              </value>
            </param>
            <param index="1">
              <value>
                <![CDATA[10]]>
              </value>
            </param>
            <param index="2">
              <value>
                <![CDATA[Poovin]]>
              </value>
            </param>
            <param index="3">
              <value>
                <![CDATA[]]>
              </value>
            </param>
            <param index="4">
              <value>
                <![CDATA[]]>
              </value>
            </param>
          </params>
          <reporter-output>
          </reporter-output>
        </test-method> <!-- capturePoints -->
        <test-method signature="capturePoints(java.lang.String,java.lang.String,java.lang.String,java.lang.String,java.lang.String)[pri:0, instance:com.ipl.test.UpdatePlayerPoints@6e2829c7]" started-at="2026-04-06T15:11:47 IST" name="capturePoints" data-provider="IPLPlayerData" finished-at="2026-04-06T15:11:48 IST" duration-ms="1636" status="PASS">
          <params>
            <param index="0">
              <value>
                <![CDATA[Mangesh Yadav]]>
              </value>
            </param>
            <param index="1">
              <value>
                <![CDATA[0]]>
              </value>
            </param>
            <param index="2">
              <value>
                <![CDATA[Poovin]]>
              </value>
            </param>
            <param index="3">
              <value>
                <![CDATA[]]>
              </value>
            </param>
            <param index="4">
              <value>
                <![CDATA[]]>
              </value>
            </param>
          </params>
          <reporter-output>
          </reporter-output>
        </test-method> <!-- capturePoints -->
        <test-method signature="capturePoints(java.lang.String,java.lang.String,java.lang.String,java.lang.String,java.lang.String)[pri:0, instance:com.ipl.test.UpdatePlayerPoints@6e2829c7]" started-at="2026-04-06T15:11:48 IST" name="capturePoints" data-provider="IPLPlayerData" finished-at="2026-04-06T15:11:50 IST" duration-ms="1623" status="PASS">
          <params>
            <param index="0">
              <value>
                <![CDATA[Ashutosh Sharma]]>
              </value>
            </param>
            <param index="1">
              <value>
                <![CDATA[0]]>
              </value>
            </param>
            <param index="2">
              <value>
                <![CDATA[Poovin]]>
              </value>
            </param>
            <param index="3">
              <value>
                <![CDATA[]]>
              </value>
            </param>
            <param index="4">
              <value>
                <![CDATA[]]>
              </value>
            </param>
          </params>
          <reporter-output>
          </reporter-output>
        </test-method> <!-- capturePoints -->
        <test-method signature="capturePoints(java.lang.String,java.lang.String,java.lang.String,java.lang.String,java.lang.String)[pri:0, instance:com.ipl.test.UpdatePlayerPoints@6e2829c7]" started-at="2026-04-06T15:11:50 IST" name="capturePoints" data-provider="IPLPlayerData" finished-at="2026-04-06T15:11:52 IST" duration-ms="1662" status="PASS">
          <params>
            <param index="0">
              <value>
                <![CDATA[Lungi Ngidi]]>
              </value>
            </param>
            <param index="1">
              <value>
                <![CDATA[91]]>
              </value>
            </param>
            <param index="2">
              <value>
                <![CDATA[Poovin]]>
              </value>
            </param>
            <param index="3">
              <value>
                <![CDATA[]]>
              </value>
            </param>
            <param index="4">
              <value>
                <![CDATA[]]>
              </value>
            </param>
          </params>
          <reporter-output>
          </reporter-output>
        </test-method> <!-- capturePoints -->
        <test-method signature="capturePoints(java.lang.String,java.lang.String,java.lang.String,java.lang.String,java.lang.String)[pri:0, instance:com.ipl.test.UpdatePlayerPoints@6e2829c7]" started-at="2026-04-06T15:11:52 IST" name="capturePoints" data-provider="IPLPlayerData" finished-at="2026-04-06T15:11:53 IST" duration-ms="1679" status="PASS">
          <params>
            <param index="0">
              <value>
                <![CDATA[Abhishek Sharma]]>
              </value>
            </param>
            <param index="1">
              <value>
                <![CDATA[17]]>
              </value>
            </param>
            <param index="2">
              <value>
                <![CDATA[Poovin]]>
              </value>
            </param>
            <param index="3">
              <value>
                <![CDATA[C]]>
              </value>
            </param>
            <param index="4">
              <value>
                <![CDATA[]]>
              </value>
            </param>
          </params>
          <reporter-output>
          </reporter-output>
        </test-method> <!-- capturePoints -->
        <test-method signature="capturePoints(java.lang.String,java.lang.String,java.lang.String,java.lang.String,java.lang.String)[pri:0, instance:com.ipl.test.UpdatePlayerPoints@6e2829c7]" started-at="2026-04-06T15:11:53 IST" name="capturePoints" data-provider="IPLPlayerData" finished-at="2026-04-06T15:11:55 IST" duration-ms="1647" status="PASS">
          <params>
            <param index="0">
              <value>
                <![CDATA[Travis Head]]>
              </value>
            </param>
            <param index="1">
              <value>
                <![CDATA[21]]>
              </value>
            </param>
            <param index="2">
              <value>
                <![CDATA[Poovin]]>
              </value>
            </param>
            <param index="3">
              <value>
                <![CDATA[]]>
              </value>
            </param>
            <param index="4">
              <value>
                <![CDATA[]]>
              </value>
            </param>
          </params>
          <reporter-output>
          </reporter-output>
        </test-method> <!-- capturePoints -->
        <test-method signature="capturePoints(java.lang.String,java.lang.String,java.lang.String,java.lang.String,java.lang.String)[pri:0, instance:com.ipl.test.UpdatePlayerPoints@6e2829c7]" started-at="2026-04-06T15:11:55 IST" name="capturePoints" data-provider="IPLPlayerData" finished-at="2026-04-06T15:11:57 IST" duration-ms="1628" status="PASS">
          <params>
            <param index="0">
              <value>
                <![CDATA[Heinrich Klaasen]]>
              </value>
            </param>
            <param index="1">
              <value>
                <![CDATA[65]]>
              </value>
            </param>
            <param index="2">
              <value>
                <![CDATA[Poovin]]>
              </value>
            </param>
            <param index="3">
              <value>
                <![CDATA[]]>
              </value>
            </param>
            <param index="4">
              <value>
                <![CDATA[]]>
              </value>
            </param>
          </params>
          <reporter-output>
          </reporter-output>
        </test-method> <!-- capturePoints -->
        <test-method signature="capturePoints(java.lang.String,java.lang.String,java.lang.String,java.lang.String,java.lang.String)[pri:0, instance:com.ipl.test.UpdatePlayerPoints@6e2829c7]" started-at="2026-04-06T15:11:57 IST" name="capturePoints" data-provider="IPLPlayerData" finished-at="2026-04-06T15:11:58 IST" duration-ms="1680" status="PASS">
          <params>
            <param index="0">
              <value>
                <![CDATA[Ruturaj Gaikwad]]>
              </value>
            </param>
            <param index="1">
              <value>
                <![CDATA[7]]>
              </value>
            </param>
            <param index="2">
              <value>
                <![CDATA[Poovin]]>
              </value>
            </param>
            <param index="3">
              <value>
                <![CDATA[]]>
              </value>
            </param>
            <param index="4">
              <value>
                <![CDATA[]]>
              </value>
            </param>
          </params>
          <reporter-output>
          </reporter-output>
        </test-method> <!-- capturePoints -->
        <test-method signature="capturePoints(java.lang.String,java.lang.String,java.lang.String,java.lang.String,java.lang.String)[pri:0, instance:com.ipl.test.UpdatePlayerPoints@6e2829c7]" started-at="2026-04-06T15:11:58 IST" name="capturePoints" data-provider="IPLPlayerData" finished-at="2026-04-06T15:12:00 IST" duration-ms="1638" status="PASS">
          <params>
            <param index="0">
              <value>
                <![CDATA[Sarfaraz Khan]]>
              </value>
            </param>
            <param index="1">
              <value>
                <![CDATA[35]]>
              </value>
            </param>
            <param index="2">
              <value>
                <![CDATA[Poovin]]>
              </value>
            </param>
            <param index="3">
              <value>
                <![CDATA[]]>
              </value>
            </param>
            <param index="4">
              <value>
                <![CDATA[]]>
              </value>
            </param>
          </params>
          <reporter-output>
          </reporter-output>
        </test-method> <!-- capturePoints -->
        <test-method signature="capturePoints(java.lang.String,java.lang.String,java.lang.String,java.lang.String,java.lang.String)[pri:0, instance:com.ipl.test.UpdatePlayerPoints@6e2829c7]" started-at="2026-04-06T15:12:00 IST" name="capturePoints" data-provider="IPLPlayerData" finished-at="2026-04-06T15:12:02 IST" duration-ms="1625" status="PASS">
          <params>
            <param index="0">
              <value>
                <![CDATA[Marco Jansen]]>
              </value>
            </param>
            <param index="1">
              <value>
                <![CDATA[52]]>
              </value>
            </param>
            <param index="2">
              <value>
                <![CDATA[Poovin]]>
              </value>
            </param>
            <param index="3">
              <value>
                <![CDATA[]]>
              </value>
            </param>
            <param index="4">
              <value>
                <![CDATA[]]>
              </value>
            </param>
          </params>
          <reporter-output>
          </reporter-output>
        </test-method> <!-- capturePoints -->
        <test-method signature="capturePoints(java.lang.String,java.lang.String,java.lang.String,java.lang.String,java.lang.String)[pri:0, instance:com.ipl.test.UpdatePlayerPoints@6e2829c7]" started-at="2026-04-06T15:12:02 IST" name="capturePoints" data-provider="IPLPlayerData" finished-at="2026-04-06T15:12:03 IST" duration-ms="1642" status="PASS">
          <params>
            <param index="0">
              <value>
                <![CDATA[Arshdeep Singh]]>
              </value>
            </param>
            <param index="1">
              <value>
                <![CDATA[18]]>
              </value>
            </param>
            <param index="2">
              <value>
                <![CDATA[Poovin]]>
              </value>
            </param>
            <param index="3">
              <value>
                <![CDATA[]]>
              </value>
            </param>
            <param index="4">
              <value>
                <![CDATA[]]>
              </value>
            </param>
          </params>
          <reporter-output>
          </reporter-output>
        </test-method> <!-- capturePoints -->
        <test-method signature="capturePoints(java.lang.String,java.lang.String,java.lang.String,java.lang.String,java.lang.String)[pri:0, instance:com.ipl.test.UpdatePlayerPoints@6e2829c7]" started-at="2026-04-06T15:12:03 IST" name="capturePoints" data-provider="IPLPlayerData" finished-at="2026-04-06T15:12:05 IST" duration-ms="1729" status="PASS">
          <params>
            <param index="0">
              <value>
                <![CDATA[Rashid Khan]]>
              </value>
            </param>
            <param index="1">
              <value>
                <![CDATA[37]]>
              </value>
            </param>
            <param index="2">
              <value>
                <![CDATA[Predators]]>
              </value>
            </param>
            <param index="3">
              <value>
                <![CDATA[]]>
              </value>
            </param>
            <param index="4">
              <value>
                <![CDATA[]]>
              </value>
            </param>
          </params>
          <reporter-output>
          </reporter-output>
        </test-method> <!-- capturePoints -->
        <test-method signature="capturePoints(java.lang.String,java.lang.String,java.lang.String,java.lang.String,java.lang.String)[pri:0, instance:com.ipl.test.UpdatePlayerPoints@6e2829c7]" started-at="2026-04-06T15:12:05 IST" name="capturePoints" data-provider="IPLPlayerData" finished-at="2026-04-06T15:12:07 IST" duration-ms="1653" status="PASS">
          <params>
            <param index="0">
              <value>
                <![CDATA[Glenn Phillips]]>
              </value>
            </param>
            <param index="1">
              <value>
                <![CDATA[34]]>
              </value>
            </param>
            <param index="2">
              <value>
                <![CDATA[Predators]]>
              </value>
            </param>
            <param index="3">
              <value>
                <![CDATA[]]>
              </value>
            </param>
            <param index="4">
              <value>
                <![CDATA[]]>
              </value>
            </param>
          </params>
          <reporter-output>
          </reporter-output>
        </test-method> <!-- capturePoints -->
        <test-method signature="capturePoints(java.lang.String,java.lang.String,java.lang.String,java.lang.String,java.lang.String)[pri:0, instance:com.ipl.test.UpdatePlayerPoints@6e2829c7]" started-at="2026-04-06T15:12:07 IST" name="capturePoints" data-provider="IPLPlayerData" finished-at="2026-04-06T15:12:08 IST" duration-ms="1688" status="PASS">
          <params>
            <param index="0">
              <value>
                <![CDATA[Lhuan-dre Pretorius]]>
              </value>
            </param>
            <param index="1">
              <value>
                <![CDATA[0]]>
              </value>
            </param>
            <param index="2">
              <value>
                <![CDATA[Predators]]>
              </value>
            </param>
            <param index="3">
              <value>
                <![CDATA[]]>
              </value>
            </param>
            <param index="4">
              <value>
                <![CDATA[]]>
              </value>
            </param>
          </params>
          <reporter-output>
          </reporter-output>
        </test-method> <!-- capturePoints -->
        <test-method signature="capturePoints(java.lang.String,java.lang.String,java.lang.String,java.lang.String,java.lang.String)[pri:0, instance:com.ipl.test.UpdatePlayerPoints@6e2829c7]" started-at="2026-04-06T15:12:08 IST" name="capturePoints" data-provider="IPLPlayerData" finished-at="2026-04-06T15:12:10 IST" duration-ms="1654" status="PASS">
          <params>
            <param index="0">
              <value>
                <![CDATA[Tilak Varma]]>
              </value>
            </param>
            <param index="1">
              <value>
                <![CDATA[46]]>
              </value>
            </param>
            <param index="2">
              <value>
                <![CDATA[Predators]]>
              </value>
            </param>
            <param index="3">
              <value>
                <![CDATA[]]>
              </value>
            </param>
            <param index="4">
              <value>
                <![CDATA[]]>
              </value>
            </param>
          </params>
          <reporter-output>
          </reporter-output>
        </test-method> <!-- capturePoints -->
        <test-method signature="capturePoints(java.lang.String,java.lang.String,java.lang.String,java.lang.String,java.lang.String)[pri:0, instance:com.ipl.test.UpdatePlayerPoints@6e2829c7]" started-at="2026-04-06T15:12:10 IST" name="capturePoints" data-provider="IPLPlayerData" finished-at="2026-04-06T15:12:12 IST" duration-ms="1635" status="PASS">
          <params>
            <param index="0">
              <value>
                <![CDATA[Trent Boult]]>
              </value>
            </param>
            <param index="1">
              <value>
                <![CDATA[4]]>
              </value>
            </param>
            <param index="2">
              <value>
                <![CDATA[Predators]]>
              </value>
            </param>
            <param index="3">
              <value>
                <![CDATA[]]>
              </value>
            </param>
            <param index="4">
              <value>
                <![CDATA[]]>
              </value>
            </param>
          </params>
          <reporter-output>
          </reporter-output>
        </test-method> <!-- capturePoints -->
        <test-method signature="capturePoints(java.lang.String,java.lang.String,java.lang.String,java.lang.String,java.lang.String)[pri:0, instance:com.ipl.test.UpdatePlayerPoints@6e2829c7]" started-at="2026-04-06T15:12:12 IST" name="capturePoints" data-provider="IPLPlayerData" finished-at="2026-04-06T15:12:13 IST" duration-ms="1621" status="PASS">
          <params>
            <param index="0">
              <value>
                <![CDATA[Rishabh Pant]]>
              </value>
            </param>
            <param index="1">
              <value>
                <![CDATA[20]]>
              </value>
            </param>
            <param index="2">
              <value>
                <![CDATA[Predators]]>
              </value>
            </param>
            <param index="3">
              <value>
                <![CDATA[]]>
              </value>
            </param>
            <param index="4">
              <value>
                <![CDATA[]]>
              </value>
            </param>
          </params>
          <reporter-output>
          </reporter-output>
        </test-method> <!-- capturePoints -->
        <test-method signature="capturePoints(java.lang.String,java.lang.String,java.lang.String,java.lang.String,java.lang.String)[pri:0, instance:com.ipl.test.UpdatePlayerPoints@6e2829c7]" started-at="2026-04-06T15:12:13 IST" name="capturePoints" data-provider="IPLPlayerData" finished-at="2026-04-06T15:12:15 IST" duration-ms="1681" status="PASS">
          <params>
            <param index="0">
              <value>
                <![CDATA[Digvesh Singh]]>
              </value>
            </param>
            <param index="1">
              <value>
                <![CDATA[0]]>
              </value>
            </param>
            <param index="2">
              <value>
                <![CDATA[Predators]]>
              </value>
            </param>
            <param index="3">
              <value>
                <![CDATA[]]>
              </value>
            </param>
            <param index="4">
              <value>
                <![CDATA[]]>
              </value>
            </param>
          </params>
          <reporter-output>
          </reporter-output>
        </test-method> <!-- capturePoints -->
        <test-method signature="capturePoints(java.lang.String,java.lang.String,java.lang.String,java.lang.String,java.lang.String)[pri:0, instance:com.ipl.test.UpdatePlayerPoints@6e2829c7]" started-at="2026-04-06T15:12:15 IST" name="capturePoints" data-provider="IPLPlayerData" finished-at="2026-04-06T15:12:17 IST" duration-ms="1656" status="PASS">
          <params>
            <param index="0">
              <value>
                <![CDATA[Virat Kohli]]>
              </value>
            </param>
            <param index="1">
              <value>
                <![CDATA[110]]>
              </value>
            </param>
            <param index="2">
              <value>
                <![CDATA[Predators]]>
              </value>
            </param>
            <param index="3">
              <value>
                <![CDATA[C]]>
              </value>
            </param>
            <param index="4">
              <value>
                <![CDATA[]]>
              </value>
            </param>
          </params>
          <reporter-output>
          </reporter-output>
        </test-method> <!-- capturePoints -->
        <test-method signature="capturePoints(java.lang.String,java.lang.String,java.lang.String,java.lang.String,java.lang.String)[pri:0, instance:com.ipl.test.UpdatePlayerPoints@6e2829c7]" started-at="2026-04-06T15:12:17 IST" name="capturePoints" data-provider="IPLPlayerData" finished-at="2026-04-06T15:12:18 IST" duration-ms="1669" status="PASS">
          <params>
            <param index="0">
              <value>
                <![CDATA[Phil Salt]]>
              </value>
            </param>
            <param index="1">
              <value>
                <![CDATA[42]]>
              </value>
            </param>
            <param index="2">
              <value>
                <![CDATA[Predators]]>
              </value>
            </param>
            <param index="3">
              <value>
                <![CDATA[]]>
              </value>
            </param>
            <param index="4">
              <value>
                <![CDATA[]]>
              </value>
            </param>
          </params>
          <reporter-output>
          </reporter-output>
        </test-method> <!-- capturePoints -->
        <test-method signature="capturePoints(java.lang.String,java.lang.String,java.lang.String,java.lang.String,java.lang.String)[pri:0, instance:com.ipl.test.UpdatePlayerPoints@6e2829c7]" started-at="2026-04-06T15:12:18 IST" name="capturePoints" data-provider="IPLPlayerData" finished-at="2026-04-06T15:12:20 IST" duration-ms="1683" status="PASS">
          <params>
            <param index="0">
              <value>
                <![CDATA[Venkatesh Iyer]]>
              </value>
            </param>
            <param index="1">
              <value>
                <![CDATA[0]]>
              </value>
            </param>
            <param index="2">
              <value>
                <![CDATA[Predators]]>
              </value>
            </param>
            <param index="3">
              <value>
                <![CDATA[]]>
              </value>
            </param>
            <param index="4">
              <value>
                <![CDATA[]]>
              </value>
            </param>
          </params>
          <reporter-output>
          </reporter-output>
        </test-method> <!-- capturePoints -->
        <test-method signature="capturePoints(java.lang.String,java.lang.String,java.lang.String,java.lang.String,java.lang.String)[pri:0, instance:com.ipl.test.UpdatePlayerPoints@6e2829c7]" started-at="2026-04-06T15:12:20 IST" name="capturePoints" data-provider="IPLPlayerData" finished-at="2026-04-06T15:12:22 IST" duration-ms="1667" status="PASS">
          <params>
            <param index="0">
              <value>
                <![CDATA[Auqib Nabi]]>
              </value>
            </param>
            <param index="1">
              <value>
                <![CDATA[0]]>
              </value>
            </param>
            <param index="2">
              <value>
                <![CDATA[Predators]]>
              </value>
            </param>
            <param index="3">
              <value>
                <![CDATA[]]>
              </value>
            </param>
            <param index="4">
              <value>
                <![CDATA[]]>
              </value>
            </param>
          </params>
          <reporter-output>
          </reporter-output>
        </test-method> <!-- capturePoints -->
        <test-method signature="capturePoints(java.lang.String,java.lang.String,java.lang.String,java.lang.String,java.lang.String)[pri:0, instance:com.ipl.test.UpdatePlayerPoints@6e2829c7]" started-at="2026-04-06T15:12:22 IST" name="capturePoints" data-provider="IPLPlayerData" finished-at="2026-04-06T15:12:23 IST" duration-ms="1615" status="PASS">
          <params>
            <param index="0">
              <value>
                <![CDATA[Mukesh Kumar]]>
              </value>
            </param>
            <param index="1">
              <value>
                <![CDATA[28]]>
              </value>
            </param>
            <param index="2">
              <value>
                <![CDATA[Predators]]>
              </value>
            </param>
            <param index="3">
              <value>
                <![CDATA[]]>
              </value>
            </param>
            <param index="4">
              <value>
                <![CDATA[]]>
              </value>
            </param>
          </params>
          <reporter-output>
          </reporter-output>
        </test-method> <!-- capturePoints -->
        <test-method signature="capturePoints(java.lang.String,java.lang.String,java.lang.String,java.lang.String,java.lang.String)[pri:0, instance:com.ipl.test.UpdatePlayerPoints@6e2829c7]" started-at="2026-04-06T15:12:23 IST" name="capturePoints" data-provider="IPLPlayerData" finished-at="2026-04-06T15:12:25 IST" duration-ms="1627" status="PASS">
          <params>
            <param index="0">
              <value>
                <![CDATA[Abishek Porel]]>
              </value>
            </param>
            <param index="1">
              <value>
                <![CDATA[0]]>
              </value>
            </param>
            <param index="2">
              <value>
                <![CDATA[Predators]]>
              </value>
            </param>
            <param index="3">
              <value>
                <![CDATA[]]>
              </value>
            </param>
            <param index="4">
              <value>
                <![CDATA[]]>
              </value>
            </param>
          </params>
          <reporter-output>
          </reporter-output>
        </test-method> <!-- capturePoints -->
        <test-method signature="capturePoints(java.lang.String,java.lang.String,java.lang.String,java.lang.String,java.lang.String)[pri:0, instance:com.ipl.test.UpdatePlayerPoints@6e2829c7]" started-at="2026-04-06T15:12:25 IST" name="capturePoints" data-provider="IPLPlayerData" finished-at="2026-04-06T15:12:27 IST" duration-ms="1629" status="PASS">
          <params>
            <param index="0">
              <value>
                <![CDATA[Rachin Ravindra]]>
              </value>
            </param>
            <param index="1">
              <value>
                <![CDATA[0]]>
              </value>
            </param>
            <param index="2">
              <value>
                <![CDATA[Predators]]>
              </value>
            </param>
            <param index="3">
              <value>
                <![CDATA[]]>
              </value>
            </param>
            <param index="4">
              <value>
                <![CDATA[]]>
              </value>
            </param>
          </params>
          <reporter-output>
          </reporter-output>
        </test-method> <!-- capturePoints -->
        <test-method signature="capturePoints(java.lang.String,java.lang.String,java.lang.String,java.lang.String,java.lang.String)[pri:0, instance:com.ipl.test.UpdatePlayerPoints@6e2829c7]" started-at="2026-04-06T15:12:27 IST" name="capturePoints" data-provider="IPLPlayerData" finished-at="2026-04-06T15:12:28 IST" duration-ms="1669" status="PASS">
          <params>
            <param index="0">
              <value>
                <![CDATA[Ishan Kishan]]>
              </value>
            </param>
            <param index="1">
              <value>
                <![CDATA[120]]>
              </value>
            </param>
            <param index="2">
              <value>
                <![CDATA[Predators]]>
              </value>
            </param>
            <param index="3">
              <value>
                <![CDATA[VC]]>
              </value>
            </param>
            <param index="4">
              <value>
                <![CDATA[]]>
              </value>
            </param>
          </params>
          <reporter-output>
          </reporter-output>
        </test-method> <!-- capturePoints -->
        <test-method signature="capturePoints(java.lang.String,java.lang.String,java.lang.String,java.lang.String,java.lang.String)[pri:0, instance:com.ipl.test.UpdatePlayerPoints@6e2829c7]" started-at="2026-04-06T15:12:28 IST" name="capturePoints" data-provider="IPLPlayerData" finished-at="2026-04-06T15:12:30 IST" duration-ms="1643" status="PASS">
          <params>
            <param index="0">
              <value>
                <![CDATA[Rahul Chahar]]>
              </value>
            </param>
            <param index="1">
              <value>
                <![CDATA[0]]>
              </value>
            </param>
            <param index="2">
              <value>
                <![CDATA[Predators]]>
              </value>
            </param>
            <param index="3">
              <value>
                <![CDATA[]]>
              </value>
            </param>
            <param index="4">
              <value>
                <![CDATA[]]>
              </value>
            </param>
          </params>
          <reporter-output>
          </reporter-output>
        </test-method> <!-- capturePoints -->
        <test-method signature="capturePoints(java.lang.String,java.lang.String,java.lang.String,java.lang.String,java.lang.String)[pri:0, instance:com.ipl.test.UpdatePlayerPoints@6e2829c7]" started-at="2026-04-06T15:12:30 IST" name="capturePoints" data-provider="IPLPlayerData" finished-at="2026-04-06T15:12:32 IST" duration-ms="1714" status="PASS">
          <params>
            <param index="0">
              <value>
                <![CDATA[Marcus Stoinis]]>
              </value>
            </param>
            <param index="1">
              <value>
                <![CDATA[2]]>
              </value>
            </param>
            <param index="2">
              <value>
                <![CDATA[Predators]]>
              </value>
            </param>
            <param index="3">
              <value>
                <![CDATA[]]>
              </value>
            </param>
            <param index="4">
              <value>
                <![CDATA[]]>
              </value>
            </param>
          </params>
          <reporter-output>
          </reporter-output>
        </test-method> <!-- capturePoints -->
        <test-method signature="capturePoints(java.lang.String,java.lang.String,java.lang.String,java.lang.String,java.lang.String)[pri:0, instance:com.ipl.test.UpdatePlayerPoints@6e2829c7]" started-at="2026-04-06T15:12:32 IST" name="capturePoints" data-provider="IPLPlayerData" finished-at="2026-04-06T15:12:33 IST" duration-ms="1697" status="PASS">
          <params>
            <param index="0">
              <value>
                <![CDATA[Mitchell Owen]]>
              </value>
            </param>
            <param index="1">
              <value>
                <![CDATA[0]]>
              </value>
            </param>
            <param index="2">
              <value>
                <![CDATA[Predators]]>
              </value>
            </param>
            <param index="3">
              <value>
                <![CDATA[]]>
              </value>
            </param>
            <param index="4">
              <value>
                <![CDATA[]]>
              </value>
            </param>
          </params>
          <reporter-output>
          </reporter-output>
        </test-method> <!-- capturePoints -->
        <test-method signature="capturePoints(java.lang.String,java.lang.String,java.lang.String,java.lang.String,java.lang.String)[pri:0, instance:com.ipl.test.UpdatePlayerPoints@6e2829c7]" started-at="2026-04-06T15:12:33 IST" name="capturePoints" data-provider="IPLPlayerData" finished-at="2026-04-06T15:12:35 IST" duration-ms="1658" status="PASS">
          <params>
            <param index="0">
              <value>
                <![CDATA[Azmatullah Omarzai]]>
              </value>
            </param>
            <param index="1">
              <value>
                <![CDATA[0]]>
              </value>
            </param>
            <param index="2">
              <value>
                <![CDATA[Predators]]>
              </value>
            </param>
            <param index="3">
              <value>
                <![CDATA[]]>
              </value>
            </param>
            <param index="4">
              <value>
                <![CDATA[]]>
              </value>
            </param>
          </params>
          <reporter-output>
          </reporter-output>
        </test-method> <!-- capturePoints -->
        <test-method signature="capturePoints(java.lang.String,java.lang.String,java.lang.String,java.lang.String,java.lang.String)[pri:0, instance:com.ipl.test.UpdatePlayerPoints@6e2829c7]" started-at="2026-04-06T15:12:35 IST" name="capturePoints" data-provider="IPLPlayerData" finished-at="2026-04-06T15:12:37 IST" duration-ms="1658" status="PASS">
          <params>
            <param index="0">
              <value>
                <![CDATA[Priyansh Arya]]>
              </value>
            </param>
            <param index="1">
              <value>
                <![CDATA[13]]>
              </value>
            </param>
            <param index="2">
              <value>
                <![CDATA[Predators]]>
              </value>
            </param>
            <param index="3">
              <value>
                <![CDATA[]]>
              </value>
            </param>
            <param index="4">
              <value>
                <![CDATA[]]>
              </value>
            </param>
          </params>
          <reporter-output>
          </reporter-output>
        </test-method> <!-- capturePoints -->
        <test-method signature="capturePoints(java.lang.String,java.lang.String,java.lang.String,java.lang.String,java.lang.String)[pri:0, instance:com.ipl.test.UpdatePlayerPoints@6e2829c7]" started-at="2026-04-06T15:12:37 IST" name="capturePoints" data-provider="IPLPlayerData" finished-at="2026-04-06T15:12:38 IST" duration-ms="1625" status="PASS">
          <params>
            <param index="0">
              <value>
                <![CDATA[Sai Sudharsan]]>
              </value>
            </param>
            <param index="1">
              <value>
                <![CDATA[19]]>
              </value>
            </param>
            <param index="2">
              <value>
                <![CDATA[Storm Breaker]]>
              </value>
            </param>
            <param index="3">
              <value>
                <![CDATA[]]>
              </value>
            </param>
            <param index="4">
              <value>
                <![CDATA[]]>
              </value>
            </param>
          </params>
          <reporter-output>
          </reporter-output>
        </test-method> <!-- capturePoints -->
        <test-method signature="capturePoints(java.lang.String,java.lang.String,java.lang.String,java.lang.String,java.lang.String)[pri:0, instance:com.ipl.test.UpdatePlayerPoints@6e2829c7]" started-at="2026-04-06T15:12:38 IST" name="capturePoints" data-provider="IPLPlayerData" finished-at="2026-04-06T15:12:40 IST" duration-ms="1695" status="PASS">
          <params>
            <param index="0">
              <value>
                <![CDATA[Sai Kishore]]>
              </value>
            </param>
            <param index="1">
              <value>
                <![CDATA[0]]>
              </value>
            </param>
            <param index="2">
              <value>
                <![CDATA[Storm Breaker]]>
              </value>
            </param>
            <param index="3">
              <value>
                <![CDATA[]]>
              </value>
            </param>
            <param index="4">
              <value>
                <![CDATA[]]>
              </value>
            </param>
          </params>
          <reporter-output>
          </reporter-output>
        </test-method> <!-- capturePoints -->
        <test-method signature="capturePoints(java.lang.String,java.lang.String,java.lang.String,java.lang.String,java.lang.String)[pri:0, instance:com.ipl.test.UpdatePlayerPoints@6e2829c7]" started-at="2026-04-06T15:12:40 IST" name="capturePoints" data-provider="IPLPlayerData" finished-at="2026-04-06T15:12:42 IST" duration-ms="1620" status="PASS">
          <params>
            <param index="0">
              <value>
                <![CDATA[Mohammed Siraj]]>
              </value>
            </param>
            <param index="1">
              <value>
                <![CDATA[4]]>
              </value>
            </param>
            <param index="2">
              <value>
                <![CDATA[Storm Breaker]]>
              </value>
            </param>
            <param index="3">
              <value>
                <![CDATA[]]>
              </value>
            </param>
            <param index="4">
              <value>
                <![CDATA[]]>
              </value>
            </param>
          </params>
          <reporter-output>
          </reporter-output>
        </test-method> <!-- capturePoints -->
        <test-method signature="capturePoints(java.lang.String,java.lang.String,java.lang.String,java.lang.String,java.lang.String)[pri:0, instance:com.ipl.test.UpdatePlayerPoints@6e2829c7]" started-at="2026-04-06T15:12:42 IST" name="capturePoints" data-provider="IPLPlayerData" finished-at="2026-04-06T15:12:43 IST" duration-ms="1652" status="PASS">
          <params>
            <param index="0">
              <value>
                <![CDATA[Riyan Parag]]>
              </value>
            </param>
            <param index="1">
              <value>
                <![CDATA[21]]>
              </value>
            </param>
            <param index="2">
              <value>
                <![CDATA[Storm Breaker]]>
              </value>
            </param>
            <param index="3">
              <value>
                <![CDATA[]]>
              </value>
            </param>
            <param index="4">
              <value>
                <![CDATA[]]>
              </value>
            </param>
          </params>
          <reporter-output>
          </reporter-output>
        </test-method> <!-- capturePoints -->
        <test-method signature="capturePoints(java.lang.String,java.lang.String,java.lang.String,java.lang.String,java.lang.String)[pri:0, instance:com.ipl.test.UpdatePlayerPoints@6e2829c7]" started-at="2026-04-06T15:12:43 IST" name="capturePoints" data-provider="IPLPlayerData" finished-at="2026-04-06T15:12:45 IST" duration-ms="1676" status="PASS">
          <params>
            <param index="0">
              <value>
                <![CDATA[Ravi Bishnoi]]>
              </value>
            </param>
            <param index="1">
              <value>
                <![CDATA[49]]>
              </value>
            </param>
            <param index="2">
              <value>
                <![CDATA[Storm Breaker]]>
              </value>
            </param>
            <param index="3">
              <value>
                <![CDATA[]]>
              </value>
            </param>
            <param index="4">
              <value>
                <![CDATA[]]>
              </value>
            </param>
          </params>
          <reporter-output>
          </reporter-output>
        </test-method> <!-- capturePoints -->
        <test-method signature="capturePoints(java.lang.String,java.lang.String,java.lang.String,java.lang.String,java.lang.String)[pri:0, instance:com.ipl.test.UpdatePlayerPoints@6e2829c7]" started-at="2026-04-06T15:12:45 IST" name="capturePoints" data-provider="IPLPlayerData" finished-at="2026-04-06T15:12:46 IST" duration-ms="1614" status="PASS">
          <params>
            <param index="0">
              <value>
                <![CDATA[Jasprit Bumrah]]>
              </value>
            </param>
            <param index="1">
              <value>
                <![CDATA[4]]>
              </value>
            </param>
            <param index="2">
              <value>
                <![CDATA[Storm Breaker]]>
              </value>
            </param>
            <param index="3">
              <value>
                <![CDATA[C]]>
              </value>
            </param>
            <param index="4">
              <value>
                <![CDATA[]]>
              </value>
            </param>
          </params>
          <reporter-output>
          </reporter-output>
        </test-method> <!-- capturePoints -->
        <test-method signature="capturePoints(java.lang.String,java.lang.String,java.lang.String,java.lang.String,java.lang.String)[pri:0, instance:com.ipl.test.UpdatePlayerPoints@6e2829c7]" started-at="2026-04-06T15:12:46 IST" name="capturePoints" data-provider="IPLPlayerData" finished-at="2026-04-06T15:12:48 IST" duration-ms="1698" status="PASS">
          <params>
            <param index="0">
              <value>
                <![CDATA[Deepak Chahar]]>
              </value>
            </param>
            <param index="1">
              <value>
                <![CDATA[0]]>
              </value>
            </param>
            <param index="2">
              <value>
                <![CDATA[Storm Breaker]]>
              </value>
            </param>
            <param index="3">
              <value>
                <![CDATA[]]>
              </value>
            </param>
            <param index="4">
              <value>
                <![CDATA[]]>
              </value>
            </param>
          </params>
          <reporter-output>
          </reporter-output>
        </test-method> <!-- capturePoints -->
        <test-method signature="capturePoints(java.lang.String,java.lang.String,java.lang.String,java.lang.String,java.lang.String)[pri:0, instance:com.ipl.test.UpdatePlayerPoints@6e2829c7]" started-at="2026-04-06T15:12:48 IST" name="capturePoints" data-provider="IPLPlayerData" finished-at="2026-04-06T15:12:50 IST" duration-ms="1696" status="PASS">
          <params>
            <param index="0">
              <value>
                <![CDATA[Ryan Rickelton]]>
              </value>
            </param>
            <param index="1">
              <value>
                <![CDATA[119]]>
              </value>
            </param>
            <param index="2">
              <value>
                <![CDATA[Storm Breaker]]>
              </value>
            </param>
            <param index="3">
              <value>
                <![CDATA[]]>
              </value>
            </param>
            <param index="4">
              <value>
                <![CDATA[]]>
              </value>
            </param>
          </params>
          <reporter-output>
          </reporter-output>
        </test-method> <!-- capturePoints -->
        <test-method signature="capturePoints(java.lang.String,java.lang.String,java.lang.String,java.lang.String,java.lang.String)[pri:0, instance:com.ipl.test.UpdatePlayerPoints@6e2829c7]" started-at="2026-04-06T15:12:50 IST" name="capturePoints" data-provider="IPLPlayerData" finished-at="2026-04-06T15:12:52 IST" duration-ms="1652" status="PASS">
          <params>
            <param index="0">
              <value>
                <![CDATA[Mitchell Marsh]]>
              </value>
            </param>
            <param index="1">
              <value>
                <![CDATA[51]]>
              </value>
            </param>
            <param index="2">
              <value>
                <![CDATA[Storm Breaker]]>
              </value>
            </param>
            <param index="3">
              <value>
                <![CDATA[]]>
              </value>
            </param>
            <param index="4">
              <value>
                <![CDATA[]]>
              </value>
            </param>
          </params>
          <reporter-output>
[...]
          <params>
            <param index="0">
              <value>
                <![CDATA[Ravindra Jadeja]]>
              </value>
            </param>
            <param index="1">
              <value>
                <![CDATA[64]]>
              </value>
            </param>
            <param index="2">
              <value>
                <![CDATA[TT Chargers]]>
              </value>
            </param>
            <param index="3">
              <value>
                <![CDATA[]]>
              </value>
            </param>
            <param index="4">
              <value>
                <![CDATA[]]>
              </value>
            </param>
          </params>
          <reporter-output>
          </reporter-output>
        </test-method> <!-- capturePoints -->
        <test-method signature="capturePoints(java.lang.String,java.lang.String,java.lang.String,java.lang.String,java.lang.String)[pri:0, instance:com.ipl.test.UpdatePlayerPoints@6e2829c7]" started-at="2026-04-06T15:13:48 IST" name="capturePoints" data-provider="IPLPlayerData" finished-at="2026-04-06T15:13:49 IST" duration-ms="1623" status="PASS">
          <params>
            <param index="0">
              <value>
                <![CDATA[Hardik Pandya]]>
              </value>
            </param>
            <param index="1">
              <value>
                <![CDATA[56]]>
              </value>
            </param>
            <param index="2">
              <value>
                <![CDATA[TT Chargers]]>
              </value>
            </param>
            <param index="3">
              <value>
                <![CDATA[VC]]>
              </value>
            </param>
            <param index="4">
              <value>
                <![CDATA[]]>
              </value>
            </param>
          </params>
          <reporter-output>
          </reporter-output>
        </test-method> <!-- capturePoints -->
        <test-method signature="capturePoints(java.lang.String,java.lang.String,java.lang.String,java.lang.String,java.lang.String)[pri:0, instance:com.ipl.test.UpdatePlayerPoints@6e2829c7]" started-at="2026-04-06T15:13:49 IST" name="capturePoints" data-provider="IPLPlayerData" finished-at="2026-04-06T15:13:51 IST" duration-ms="1657" status="PASS">
          <params>
            <param index="0">
              <value>
                <![CDATA[Mitchell Santner]]>
              </value>
            </param>
            <param index="1">
              <value>
                <![CDATA[0]]>
              </value>
            </param>
            <param index="2">
              <value>
                <![CDATA[TT Chargers]]>
              </value>
            </param>
            <param index="3">
              <value>
                <![CDATA[]]>
              </value>
            </param>
            <param index="4">
              <value>
                <![CDATA[]]>
              </value>
            </param>
          </params>
          <reporter-output>
          </reporter-output>
        </test-method> <!-- capturePoints -->
        <test-method signature="capturePoints(java.lang.String,java.lang.String,java.lang.String,java.lang.String,java.lang.String)[pri:0, instance:com.ipl.test.UpdatePlayerPoints@6e2829c7]" started-at="2026-04-06T15:13:51 IST" name="capturePoints" data-provider="IPLPlayerData" finished-at="2026-04-06T15:13:53 IST" duration-ms="1705" status="PASS">
          <params>
            <param index="0">
              <value>
                <![CDATA[Abdul Samad]]>
              </value>
            </param>
            <param index="1">
              <value>
                <![CDATA[59]]>
              </value>
            </param>
            <param index="2">
              <value>
                <![CDATA[TT Chargers]]>
              </value>
            </param>
            <param index="3">
              <value>
                <![CDATA[]]>
              </value>
            </param>
            <param index="4">
              <value>
                <![CDATA[]]>
              </value>
            </param>
          </params>
          <reporter-output>
          </reporter-output>
        </test-method> <!-- capturePoints -->
        <test-method signature="capturePoints(java.lang.String,java.lang.String,java.lang.String,java.lang.String,java.lang.String)[pri:0, instance:com.ipl.test.UpdatePlayerPoints@6e2829c7]" started-at="2026-04-06T15:13:53 IST" name="capturePoints" data-provider="IPLPlayerData" finished-at="2026-04-06T15:13:54 IST" duration-ms="1751" status="PASS">
          <params>
            <param index="0">
              <value>
                <![CDATA[Josh Hazlewood]]>
              </value>
            </param>
            <param index="1">
              <value>
                <![CDATA[0]]>
              </value>
            </param>
            <param index="2">
              <value>
                <![CDATA[TT Chargers]]>
              </value>
            </param>
            <param index="3">
              <value>
                <![CDATA[]]>
              </value>
            </param>
            <param index="4">
              <value>
                <![CDATA[]]>
              </value>
            </param>
          </params>
          <reporter-output>
          </reporter-output>
        </test-method> <!-- capturePoints -->
        <test-method signature="capturePoints(java.lang.String,java.lang.String,java.lang.String,java.lang.String,java.lang.String)[pri:0, instance:com.ipl.test.UpdatePlayerPoints@6e2829c7]" started-at="2026-04-06T15:13:54 IST" name="capturePoints" data-provider="IPLPlayerData" finished-at="2026-04-06T15:13:56 IST" duration-ms="1681" status="PASS">
          <params>
            <param index="0">
              <value>
                <![CDATA[Romario Shepherd]]>
              </value>
            </param>
            <param index="1">
              <value>
                <![CDATA[77]]>
              </value>
            </param>
            <param index="2">
              <value>
                <![CDATA[TT Chargers]]>
              </value>
            </param>
            <param index="3">
              <value>
                <![CDATA[]]>
              </value>
            </param>
            <param index="4">
              <value>
                <![CDATA[]]>
              </value>
            </param>
          </params>
          <reporter-output>
          </reporter-output>
        </test-method> <!-- capturePoints -->
        <test-method signature="capturePoints(java.lang.String,java.lang.String,java.lang.String,java.lang.String,java.lang.String)[pri:0, instance:com.ipl.test.UpdatePlayerPoints@6e2829c7]" started-at="2026-04-06T15:13:56 IST" name="capturePoints" data-provider="IPLPlayerData" finished-at="2026-04-06T15:13:58 IST" duration-ms="1691" status="PASS">
          <params>
            <param index="0">
              <value>
                <![CDATA[Axar Patel]]>
              </value>
            </param>
            <param index="1">
              <value>
                <![CDATA[39]]>
              </value>
            </param>
            <param index="2">
              <value>
                <![CDATA[TT Chargers]]>
              </value>
            </param>
            <param index="3">
              <value>
                <![CDATA[C]]>
              </value>
            </param>
            <param index="4">
              <value>
                <![CDATA[]]>
              </value>
            </param>
          </params>
          <reporter-output>
          </reporter-output>
        </test-method> <!-- capturePoints -->
        <test-method signature="capturePoints(java.lang.String,java.lang.String,java.lang.String,java.lang.String,java.lang.String)[pri:0, instance:com.ipl.test.UpdatePlayerPoints@6e2829c7]" started-at="2026-04-06T15:13:58 IST" name="capturePoints" data-provider="IPLPlayerData" finished-at="2026-04-06T15:13:59 IST" duration-ms="1700" status="PASS">
          <params>
            <param index="0">
              <value>
                <![CDATA[David Miller]]>
              </value>
            </param>
            <param index="1">
              <value>
                <![CDATA[12]]>
              </value>
            </param>
            <param index="2">
              <value>
                <![CDATA[TT Chargers]]>
              </value>
            </param>
            <param index="3">
              <value>
                <![CDATA[]]>
              </value>
            </param>
            <param index="4">
              <value>
                <![CDATA[]]>
              </value>
            </param>
          </params>
          <reporter-output>
          </reporter-output>
        </test-method> <!-- capturePoints -->
        <test-method signature="capturePoints(java.lang.String,java.lang.String,java.lang.String,java.lang.String,java.lang.String)[pri:0, instance:com.ipl.test.UpdatePlayerPoints@6e2829c7]" started-at="2026-04-06T15:13:59 IST" name="capturePoints" data-provider="IPLPlayerData" finished-at="2026-04-06T15:14:01 IST" duration-ms="1670" status="PASS">
          <params>
            <param index="0">
              <value>
                <![CDATA[Pathum Nissanka]]>
              </value>
            </param>
            <param index="1">
              <value>
                <![CDATA[5]]>
              </value>
            </param>
            <param index="2">
              <value>
                <![CDATA[TT Chargers]]>
              </value>
            </param>
            <param index="3">
              <value>
                <![CDATA[]]>
              </value>
            </param>
            <param index="4">
              <value>
                <![CDATA[]]>
              </value>
            </param>
          </params>
          <reporter-output>
          </reporter-output>
        </test-method> <!-- capturePoints -->
        <test-method signature="capturePoints(java.lang.String,java.lang.String,java.lang.String,java.lang.String,java.lang.String)[pri:0, instance:com.ipl.test.UpdatePlayerPoints@6e2829c7]" started-at="2026-04-06T15:14:01 IST" name="capturePoints" data-provider="IPLPlayerData" finished-at="2026-04-06T15:14:03 IST" duration-ms="1747" status="PASS">
          <params>
            <param index="0">
              <value>
                <![CDATA[Tristan Stubbs]]>
              </value>
            </param>
            <param index="1">
              <value>
                <![CDATA[68]]>
              </value>
            </param>
            <param index="2">
              <value>
                <![CDATA[TT Chargers]]>
              </value>
            </param>
            <param index="3">
              <value>
                <![CDATA[]]>
              </value>
            </param>
            <param index="4">
              <value>
                <![CDATA[]]>
              </value>
            </param>
          </params>
          <reporter-output>
          </reporter-output>
        </test-method> <!-- capturePoints -->
        <test-method signature="capturePoints(java.lang.String,java.lang.String,java.lang.String,java.lang.String,java.lang.String)[pri:0, instance:com.ipl.test.UpdatePlayerPoints@6e2829c7]" started-at="2026-04-06T15:14:03 IST" name="capturePoints" data-provider="IPLPlayerData" finished-at="2026-04-06T15:14:05 IST" duration-ms="1725" status="PASS">
          <params>
            <param index="0">
              <value>
                <![CDATA[Finn Allen]]>
              </value>
            </param>
            <param index="1">
              <value>
                <![CDATA[61]]>
              </value>
            </param>
            <param index="2">
              <value>
                <![CDATA[TT Chargers]]>
              </value>
            </param>
            <param index="3">
              <value>
                <![CDATA[]]>
              </value>
            </param>
            <param index="4">
              <value>
                <![CDATA[]]>
              </value>
            </param>
          </params>
          <reporter-output>
          </reporter-output>
        </test-method> <!-- capturePoints -->
        <test-method signature="capturePoints(java.lang.String,java.lang.String,java.lang.String,java.lang.String,java.lang.String)[pri:0, instance:com.ipl.test.UpdatePlayerPoints@6e2829c7]" started-at="2026-04-06T15:14:05 IST" name="capturePoints" data-provider="IPLPlayerData" finished-at="2026-04-06T15:14:06 IST" duration-ms="1688" status="PASS">
          <params>
            <param index="0">
              <value>
                <![CDATA[Umran Malik]]>
              </value>
            </param>
            <param index="1">
              <value>
                <![CDATA[0]]>
              </value>
            </param>
            <param index="2">
              <value>
                <![CDATA[TT Chargers]]>
              </value>
            </param>
            <param index="3">
              <value>
                <![CDATA[]]>
              </value>
            </param>
            <param index="4">
              <value>
                <![CDATA[]]>
              </value>
            </param>
          </params>
          <reporter-output>
          </reporter-output>
        </test-method> <!-- capturePoints -->
        <test-method signature="capturePoints(java.lang.String,java.lang.String,java.lang.String,java.lang.String,java.lang.String)[pri:0, instance:com.ipl.test.UpdatePlayerPoints@6e2829c7]" started-at="2026-04-06T15:14:06 IST" name="capturePoints" data-provider="IPLPlayerData" finished-at="2026-04-06T15:14:08 IST" duration-ms="1671" status="PASS">
          <params>
            <param index="0">
              <value>
                <![CDATA[Rahul Tripathi]]>
              </value>
            </param>
            <param index="1">
              <value>
                <![CDATA[0]]>
              </value>
            </param>
            <param index="2">
              <value>
                <![CDATA[TT Chargers]]>
              </value>
            </param>
            <param index="3">
              <value>
                <![CDATA[]]>
              </value>
            </param>
            <param index="4">
              <value>
                <![CDATA[]]>
              </value>
            </param>
          </params>
          <reporter-output>
          </reporter-output>
        </test-method> <!-- capturePoints -->
        <test-method signature="capturePoints(java.lang.String,java.lang.String,java.lang.String,java.lang.String,java.lang.String)[pri:0, instance:com.ipl.test.UpdatePlayerPoints@6e2829c7]" started-at="2026-04-06T15:14:08 IST" name="capturePoints" data-provider="IPLPlayerData" finished-at="2026-04-06T15:14:10 IST" duration-ms="1646" status="PASS">
          <params>
            <param index="0">
              <value>
                <![CDATA[Sunil Narine]]>
              </value>
            </param>
            <param index="1">
              <value>
                <![CDATA[31]]>
              </value>
            </param>
            <param index="2">
              <value>
                <![CDATA[TT Chargers]]>
              </value>
            </param>
            <param index="3">
              <value>
                <![CDATA[]]>
              </value>
            </param>
            <param index="4">
              <value>
                <![CDATA[]]>
              </value>
            </param>
          </params>
          <reporter-output>
          </reporter-output>
        </test-method> <!-- capturePoints -->
        <test-method signature="capturePoints(java.lang.String,java.lang.String,java.lang.String,java.lang.String,java.lang.String)[pri:0, instance:com.ipl.test.UpdatePlayerPoints@6e2829c7]" started-at="2026-04-06T15:14:10 IST" name="capturePoints" data-provider="IPLPlayerData" finished-at="2026-04-06T15:14:11 IST" duration-ms="1673" status="PASS">
          <params>
            <param index="0">
              <value>
                <![CDATA[Shivam Mavi]]>
              </value>
            </param>
            <param index="1">
              <value>
                <![CDATA[0]]>
              </value>
            </param>
            <param index="2">
              <value>
                <![CDATA[TT Chargers]]>
              </value>
            </param>
            <param index="3">
              <value>
                <![CDATA[]]>
              </value>
            </param>
            <param index="4">
              <value>
                <![CDATA[]]>
              </value>
            </param>
          </params>
          <reporter-output>
          </reporter-output>
        </test-method> <!-- capturePoints -->
        <test-method signature="capturePoints(java.lang.String,java.lang.String,java.lang.String,java.lang.String,java.lang.String)[pri:0, instance:com.ipl.test.UpdatePlayerPoints@6e2829c7]" started-at="2026-04-06T15:14:11 IST" name="capturePoints" data-provider="IPLPlayerData" finished-at="2026-04-06T15:14:13 IST" duration-ms="1607" status="PASS">
          <params>
            <param index="0">
              <value>
                <![CDATA[Noor Ahmad]]>
              </value>
            </param>
            <param index="1">
              <value>
                <![CDATA[1]]>
              </value>
            </param>
            <param index="2">
              <value>
                <![CDATA[TT Chargers]]>
              </value>
            </param>
            <param index="3">
              <value>
                <![CDATA[]]>
              </value>
            </param>
            <param index="4">
              <value>
                <![CDATA[]]>
              </value>
            </param>
          </params>
          <reporter-output>
          </reporter-output>
        </test-method> <!-- capturePoints -->
        <test-method signature="capturePoints(java.lang.String,java.lang.String,java.lang.String,java.lang.String,java.lang.String)[pri:0, instance:com.ipl.test.UpdatePlayerPoints@6e2829c7]" started-at="2026-04-06T15:14:13 IST" name="capturePoints" data-provider="IPLPlayerData" finished-at="2026-04-06T15:14:15 IST" duration-ms="1661" status="PASS">
          <params>
            <param index="0">
              <value>
                <![CDATA[Ayush Mhatre]]>
              </value>
            </param>
            <param index="1">
              <value>
                <![CDATA[2]]>
              </value>
            </param>
            <param index="2">
              <value>
                <![CDATA[TT Chargers]]>
              </value>
            </param>
            <param index="3">
              <value>
                <![CDATA[]]>
              </value>
            </param>
            <param index="4">
              <value>
                <![CDATA[]]>
              </value>
            </param>
          </params>
          <reporter-output>
          </reporter-output>
        </test-method> <!-- capturePoints -->
        <test-method is-config="true" signature="finalizeTotals()[pri:0, instance:com.ipl.test.UpdatePlayerPoints@6e2829c7]" started-at="2026-04-06T15:14:15 IST" name="finalizeTotals" finished-at="2026-04-06T15:14:15 IST" duration-ms="59" status="PASS">
          <reporter-output>
          </reporter-output>
        </test-method> <!-- finalizeTotals -->
        <test-method is-config="true" signature="tearDown()[pri:0, instance:com.ipl.test.UpdatePlayerPoints@6e2829c7]" started-at="2026-04-06T15:14:15 IST" name="tearDown" finished-at="2026-04-06T15:14:15 IST" duration-ms="212" status="PASS">
          <reporter-output>
          </reporter-output>
        </test-method> <!-- tearDown -->
      </class> <!-- com.ipl.test.UpdatePlayerPoints -->
    </test> <!-- Default test -->
  </suite> <!-- Default suite -->
</testng-results>
