<?xml version="1.0" encoding="UTF-8"?>
<!-- Generated by org.testng.reporters.JUnitReportReporter -->
<testsuite hostname="Dipesh" failures="0" tests="119" name="com.ipl.test.UpdatePlayerPoints" time="196.955" errors="0" timestamp="2026-04-06T15:14:15 IST" skipped="0">
  <testcase classname="com.ipl.test.UpdatePlayerPoints" name="capturePoints" time="1.681"/>
  <testcase classname="com.ipl.test.UpdatePlayerPoints" name="capturePoints" time="1.657"/>
  <testcase classname="com.ipl.test.UpdatePlayerPoints" name="capturePoints" time="1.671"/>
  <testcase classname="com.ipl.test.UpdatePlayerPoints" name="capturePoints" time="1.669"/>
  <testcase classname="com.ipl.test.UpdatePlayerPoints" name="capturePoints" time="1.622"/>
  <testcase classname="com.ipl.test.UpdatePlayerPoints" name="capturePoints" time="1.652"/>
  <testcase classname="com.ipl.test.UpdatePlayerPoints" name="capturePoints" time="1.656"/>
  <testcase classname="com.ipl.test.UpdatePlayerPoints" name="capturePoints" time="1.610"/>
  <testcase classname="com.ipl.test.UpdatePlayerPoints" name="capturePoints" time="1.751"/>
  <testcase classname="com.ipl.test.UpdatePlayerPoints" name="capturePoints" time="1.681"/>
  <testcase classname="com.ipl.test.UpdatePlayerPoints" name="capturePoints" time="1.680"/>
  <testcase classname="com.ipl.test.UpdatePlayerPoints" name="capturePoints" time="1.747"/>
  <testcase classname="com.ipl.test.UpdatePlayerPoints" name="capturePoints" time="1.630"/>
  <testcase classname="com.ipl.test.UpdatePlayerPoints" name="capturePoints" time="1.729"/>
  <testcase classname="com.ipl.test.UpdatePlayerPoints" name="capturePoints" time="1.625"/>
  <testcase classname="com.ipl.test.UpdatePlayerPoints" name="capturePoints" time="1.691"/>
  <testcase classname="com.ipl.test.UpdatePlayerPoints" name="capturePoints" time="1.621"/>
  <testcase classname="com.ipl.test.UpdatePlayerPoints" name="capturePoints" time="1.629"/>
  <testcase classname="com.ipl.test.UpdatePlayerPoints" name="capturePoints" time="1.639"/>
  <testcase classname="com.ipl.test.UpdatePlayerPoints" name="capturePoints" time="1.617"/>
  <testcase classname="com.ipl.test.UpdatePlayerPoints" name="capturePoints" time="1.640"/>
  <testcase classname="com.ipl.test.UpdatePlayerPoints" name="capturePoints" time="1.668"/>
  <testcase classname="com.ipl.test.UpdatePlayerPoints" name="capturePoints" time="1.673"/>
  <testcase classname="com.ipl.test.UpdatePlayerPoints" name="capturePoints" time="1.673"/>
  <testcase classname="com.ipl.test.UpdatePlayerPoints" name="capturePoints" time="1.683"/>
  <testcase classname="com.ipl.test.UpdatePlayerPoints" name="capturePoints" time="1.695"/>
  <testcase classname="com.ipl.test.UpdatePlayerPoints" name="capturePoints" time="1.614"/>
  <testcase classname="com.ipl.test.UpdatePlayerPoints" name="capturePoints" time="1.698"/>
  <testcase classname="com.ipl.test.UpdatePlayerPoints" name="capturePoints" time="1.655"/>
  <testcase classname="com.ipl.test.UpdatePlayerPoints" name="capturePoints" time="1.615"/>
  <testcase classname="com.ipl.test.UpdatePlayerPoints" name="capturePoints" time="1.651"/>
  <testcase classname="com.ipl.test.UpdatePlayerPoints" name="capturePoints" time="1.628"/>
  <testcase classname="com.ipl.test.UpdatePlayerPoints" name="capturePoints" time="1.670"/>
  <testcase classname="com.ipl.test.UpdatePlayerPoints" name="capturePoints" time="1.655"/>
  <testcase classname="com.ipl.test.UpdatePlayerPoints" name="capturePoints" time="1.670"/>
  <testcase classname="com.ipl.test.UpdatePlayerPoints" name="capturePoints" time="1.635"/>
  <testcase classname="com.ipl.test.UpdatePlayerPoints" name="capturePoints" time="1.658"/>
  <testcase classname="com.ipl.test.UpdatePlayerPoints" name="capturePoints" time="1.647"/>
  <testcase classname="com.ipl.test.UpdatePlayerPoints" name="capturePoints" time="1.628"/>
  <testcase classname="com.ipl.test.UpdatePlayerPoints" name="capturePoints" time="1.626"/>
  <testcase classname="com.ipl.test.UpdatePlayerPoints" name="capturePoints" time="1.673"/>
  <testcase classname="com.ipl.test.UpdatePlayerPoints" name="capturePoints" time="1.654"/>
  <testcase classname="com.ipl.test.UpdatePlayerPoints" name="capturePoints" time="1.683"/>
  <testcase classname="com.ipl.test.UpdatePlayerPoints" name="capturePoints" time="1.609"/>
  <testcase classname="com.ipl.test.UpdatePlayerPoints" name="capturePoints" time="1.638"/>
  <testcase classname="com.ipl.test.UpdatePlayerPoints" name="capturePoints" time="1.641"/>
  <testcase classname="com.ipl.test.UpdatePlayerPoints" name="capturePoints" time="1.629"/>
  <testcase classname="com.ipl.test.UpdatePlayerPoints" name="capturePoints" time="1.697"/>
  <testcase classname="com.ipl.test.UpdatePlayerPoints" name="capturePoints" time="1.652"/>
  <testcase classname="com.ipl.test.UpdatePlayerPoints" name="capturePoints" time="1.700"/>
  <testcase classname="com.ipl.test.UpdatePlayerPoints" name="capturePoints" time="1.647"/>
  <testcase classname="com.ipl.test.UpdatePlayerPoints" name="capturePoints" time="1.623"/>
  <testcase classname="com.ipl.test.UpdatePlayerPoints" name="capturePoints" time="1.689"/>
  <testcase classname="com.ipl.test.UpdatePlayerPoints" name="capturePoints" time="1.631"/>
  <testcase classname="com.ipl.test.UpdatePlayerPoints" name="capturePoints" time="1.691"/>
  <testcase classname="com.ipl.test.UpdatePlayerPoints" name="capturePoints" time="1.658"/>
  <testcase classname="com.ipl.test.UpdatePlayerPoints" name="capturePoints" time="1.636"/>
  <testcase classname="com.ipl.test.UpdatePlayerPoints" name="capturePoints" time="1.635"/>
  <testcase classname="com.ipl.test.UpdatePlayerPoints" name="capturePoints" time="1.652"/>
  <testcase classname="com.ipl.test.UpdatePlayerPoints" name="capturePoints" time="1.673"/>
  <testcase classname="com.ipl.test.UpdatePlayerPoints" name="capturePoints" time="1.667"/>
  <testcase classname="com.ipl.test.UpdatePlayerPoints" name="capturePoints" time="1.615"/>
  <testcase classname="com.ipl.test.UpdatePlayerPoints" name="capturePoints" time="1.619"/>
  <testcase classname="com.ipl.test.UpdatePlayerPoints" name="capturePoints" time="1.676"/>
  <testcase classname="com.ipl.test.UpdatePlayerPoints" name="capturePoints" time="1.679"/>
  <testcase classname="com.ipl.test.UpdatePlayerPoints" name="capturePoints" time="1.605"/>
  <testcase classname="com.ipl.test.UpdatePlayerPoints" name="capturePoints" time="1.714"/>
  <testcase classname="com.ipl.test.UpdatePlayerPoints" name="capturePoints" time="1.635"/>
  <testcase classname="com.ipl.test.UpdatePlayerPoints" name="capturePoints" time="1.667"/>
  <testcase classname="com.ipl.test.UpdatePlayerPoints" name="capturePoints" time="1.657"/>
  <testcase classname="com.ipl.test.UpdatePlayerPoints" name="capturePoints" time="1.625"/>
  <testcase classname="com.ipl.test.UpdatePlayerPoints" name="capturePoints" time="1.620"/>
  <testcase classname="com.ipl.test.UpdatePlayerPoints" name="capturePoints" time="1.611"/>
  <testcase classname="com.ipl.test.UpdatePlayerPoints" name="capturePoints" time="1.614"/>
  <testcase classname="com.ipl.test.UpdatePlayerPoints" name="capturePoints" time="1.653"/>
  <testcase classname="com.ipl.test.UpdatePlayerPoints" name="capturePoints" time="1.649"/>
  <testcase classname="com.ipl.test.UpdatePlayerPoints" name="capturePoints" time="1.658"/>
  <testcase classname="com.ipl.test.UpdatePlayerPoints" name="capturePoints" time="1.669"/>
  <testcase classname="com.ipl.test.UpdatePlayerPoints" name="capturePoints" time="1.705"/>
  <testcase classname="com.ipl.test.UpdatePlayerPoints" name="capturePoints" time="1.611"/>
  <testcase classname="com.ipl.test.UpdatePlayerPoints" name="capturePoints" time="1.663"/>
  <testcase classname="com.ipl.test.UpdatePlayerPoints" name="capturePoints" time="1.634"/>
  <testcase classname="com.ipl.test.UpdatePlayerPoints" name="capturePoints" time="1.642"/>
  <testcase classname="com.ipl.test.UpdatePlayerPoints" name="capturePoints" time="1.662"/>
  <testcase classname="com.ipl.test.UpdatePlayerPoints" name="capturePoints" time="1.623"/>
  <testcase classname="com.ipl.test.UpdatePlayerPoints" name="capturePoints" time="1.639"/>
  <testcase classname="com.ipl.test.UpdatePlayerPoints" name="capturePoints" time="1.696"/>
  <testcase classname="com.ipl.test.UpdatePlayerPoints" name="capturePoints" time="1.638"/>
  <testcase classname="com.ipl.test.UpdatePlayerPoints" name="capturePoints" time="1.627"/>
  <testcase classname="com.ipl.test.UpdatePlayerPoints" name="capturePoints" time="1.646"/>
  <testcase classname="com.ipl.test.UpdatePlayerPoints" name="capturePoints" time="1.697"/>
  <testcase classname="com.ipl.test.UpdatePlayerPoints" name="capturePoints" time="1.661"/>
  <testcase classname="com.ipl.test.UpdatePlayerPoints" name="capturePoints" time="1.630"/>
  <testcase classname="com.ipl.test.UpdatePlayerPoints" name="capturePoints" time="1.688"/>
  <testcase classname="com.ipl.test.UpdatePlayerPoints" name="capturePoints" time="1.603"/>
  <testcase classname="com.ipl.test.UpdatePlayerPoints" name="capturePoints" time="1.676"/>
  <testcase classname="com.ipl.test.UpdatePlayerPoints" name="capturePoints" time="1.653"/>
  <testcase classname="com.ipl.test.UpdatePlayerPoints" name="capturePoints" time="1.646"/>
  <testcase classname="com.ipl.test.UpdatePlayerPoints" name="capturePoints" time="1.623"/>
  <testcase classname="com.ipl.test.UpdatePlayerPoints" name="capturePoints" time="1.652"/>
  <testcase classname="com.ipl.test.UpdatePlayerPoints" name="capturePoints" time="1.702"/>
  <testcase classname="com.ipl.test.UpdatePlayerPoints" name="capturePoints" time="1.725"/>
  <testcase classname="com.ipl.test.UpdatePlayerPoints" name="capturePoints" time="1.627"/>
  <testcase classname="com.ipl.test.UpdatePlayerPoints" name="capturePoints" time="1.637"/>
  <testcase classname="com.ipl.test.UpdatePlayerPoints" name="capturePoints" time="1.668"/>
  <testcase classname="com.ipl.test.UpdatePlayerPoints" name="capturePoints" time="1.680"/>
  <testcase classname="com.ipl.test.UpdatePlayerPoints" name="capturePoints" time="1.673"/>
  <testcase classname="com.ipl.test.UpdatePlayerPoints" name="capturePoints" time="1.688"/>
  <testcase classname="com.ipl.test.UpdatePlayerPoints" name="capturePoints" time="1.680"/>
  <testcase classname="com.ipl.test.UpdatePlayerPoints" name="capturePoints" time="1.641"/>
  <testcase classname="com.ipl.test.UpdatePlayerPoints" name="capturePoints" time="1.683"/>
  <testcase classname="com.ipl.test.UpdatePlayerPoints" name="capturePoints" time="1.626"/>
  <testcase classname="com.ipl.test.UpdatePlayerPoints" name="capturePoints" time="1.606"/>
  <testcase classname="com.ipl.test.UpdatePlayerPoints" name="capturePoints" time="1.607"/>
  <testcase classname="com.ipl.test.UpdatePlayerPoints" name="capturePoints" time="1.656"/>
  <testcase classname="com.ipl.test.UpdatePlayerPoints" name="capturePoints" time="1.667"/>
  <testcase classname="com.ipl.test.UpdatePlayerPoints" name="capturePoints" time="1.679"/>
  <testcase classname="com.ipl.test.UpdatePlayerPoints" name="capturePoints" time="1.668"/>
  <testcase classname="com.ipl.test.UpdatePlayerPoints" name="capturePoints" time="1.643"/>
</testsuite> <!-- com.ipl.test.UpdatePlayerPoints -->
